;;; 
Import: Release 12.1.0.2.0 - Production on Thu Feb 14 14:24:57 2019

Copyright (c) 1982, 2014, Oracle and/or its affiliates.  All rights reserved.
;;; 
Connected to: Oracle Database 12c Enterprise Edition Release 12.1.0.2.0 - 64bit Production
With the Partitioning, OLAP, Advanced Analytics and Real Application Testing options
;;; Legacy Mode Active due to the following parameters:
;;; Legacy Mode Parameter: "log=importWFAN-02-14-2019.log" Location: Command Line, Replaced with: "logfile=importWFAN-02-14-2019.log"
Master table "SYSTEM"."SYS_IMPORT_SCHEMA_02" successfully loaded/unloaded
Starting "SYSTEM"."SYS_IMPORT_SCHEMA_02":  system/********@rnwfn SCHEMAS=ia,ia_etl,ia_ext DIRECTORY=DUMP_DIR DUMPFILE=IA_IA_ETL_IA_EXT_MSTRDB_SOBEYS_8093_ORA12C.DMP logfile=importWFAN-02-14-2019.log 
Processing object type SCHEMA_EXPORT/USER
ORA-31684: Object type USER:"IA" already exists
ORA-31684: Object type USER:"IA_ETL" already exists
ORA-31684: Object type USER:"IA_EXT" already exists
Processing object type SCHEMA_EXPORT/SYSTEM_GRANT
Processing object type SCHEMA_EXPORT/ROLE_GRANT
Processing object type SCHEMA_EXPORT/DEFAULT_ROLE
Processing object type SCHEMA_EXPORT/TABLESPACE_QUOTA
Processing object type SCHEMA_EXPORT/PRE_SCHEMA/PROCACT_SCHEMA
Processing object type SCHEMA_EXPORT/DB_LINK
Processing object type SCHEMA_EXPORT/SEQUENCE/SEQUENCE
Processing object type SCHEMA_EXPORT/SEQUENCE/GRANT/OWNER_GRANT/OBJECT_GRANT
Processing object type SCHEMA_EXPORT/TABLE/TABLE
Processing object type SCHEMA_EXPORT/TABLE/TABLE_DATA
. . imported "IA"."PRF_VW_LKP_PRIOD_PYPRDT_MATRIX"       387.3 MB 164605650 rows
. . imported "IA"."LKP_PERIOD_PAYPER_MATRIX"             86.54 MB 24154900 rows
. . imported "IA"."FCT_TSMRY"                            29.59 MB  819043 rows
. . imported "IA"."LKP_PERIOD_DATE_MATRIX"               22.74 MB 7403239 rows
. . imported "IA"."FCT_TSCHD"                            36.71 MB 1334852 rows
. . imported "IA"."FCT_FCST_SLS"                         11.24 MB  675135 rows
. . imported "IA"."FCT_FCST_SLS_ORG_ROLLUP"              9.223 MB 1322058 rows
. . imported "IA"."FCT_TDTL"                             11.88 MB  275074 rows
. . imported "IA"."FCT_TSMRY_ORG_ROLLUP"                 8.495 MB  615086 rows
. . imported "IA"."DIM_TSITEM"                           9.403 MB  200111 rows
. . imported "IA"."PRF_VW_R_MSTR_RAF_ORG_TRNSLT"         11.51 MB  165688 rows
. . imported "IA"."FCT_TSMRY_LA_ROLLUP"                  4.398 MB  311442 rows
. . imported "IA"."FCT_15MINS_EMP_SCHD"                  3.390 MB  174849 rows
. . imported "IA"."FCT_TIME_CVRG_ORG_ROLLUP"             2.051 MB  628800 rows
. . imported "IA_ETL"."WRK_SHIFTAPPLYDATE"               6.158 MB  733702 rows
. . imported "IA"."DIM_PNCHEVNT"                         3.600 MB  129418 rows
. . imported "IA"."FCT_TIME_CVRG"                        2.239 MB  318912 rows
. . imported "IA"."FCT_TMISC"                            3.491 MB  142961 rows
. . imported "IA"."MV_FCT_TMISC"                         3.069 MB  142960 rows
. . imported "IA"."DIM_PAYPER"                           1.245 MB  100211 rows
. . imported "IA"."DIM_ORG"                              1.730 MB   11653 rows
. . imported "IA"."LKP_EXCHG_RATE"                       970.6 KB  257382 rows
. . imported "IA_ETL"."WRK_WRKD_SHFT"                    1.415 MB  149099 rows
. . imported "IA"."FCT_ACRL"                             981.2 KB   78218 rows
. . imported "IA"."SEC_EMP_ORG"                          639.9 KB  313842 rows
. . imported "IA_ETL"."STG_NRTSCHEDULEDTOTALDEL"             0 KB       0 rows
. . imported "IA"."DIM_EMP"                              907.8 KB    7650 rows
. . imported "IA"."PRF_VW_DIM_DATE"                      908.3 KB   22648 rows
. . imported "IA"."CURR_ORG_ALL_DESC"                    886.4 KB  113257 rows
. . imported "IA"."CURR_ORG_ALL_DESC_RET"                874.0 KB  113257 rows
. . imported "IA"."CURR_ORG_ALL_DESC_SE"                 886.3 KB  113257 rows
. . imported "IA"."CURR_ORG_ALL_DESC_SEDIT"              893.8 KB  113257 rows
. . imported "IA"."PRF_VW_SEC_EMP_MATRIX"                273.1 KB  101371 rows
. . imported "IA"."PRF_VW_SEC_ORG_MATRIX"                170.5 KB  110940 rows
. . imported "IA_ETL"."TMP_FCT_TIME_CVRG"                10.60 KB    6516 rows
. . imported "IA"."DIM_LBRACCT"                          520.7 KB    5560 rows
. . imported "IA_ETL"."ETL_JOB_TRACKING"                 213.2 KB   17341 rows
. . imported "IA_ETL"."IA0101STG_IA_FCST"                250.0 KB   19035 rows
. . imported "IA"."DIM_DATE"                             252.9 KB   11324 rows
. . imported "IA"."LKP_ORG_HIER_MATRIX"                  175.0 KB   68612 rows
. . imported "IA"."PRF_VW_R_MSTR_RAF_ORG_DASH"           361.7 KB    5510 rows
. . imported "IA"."SEC_ORG_MATRIX"                       171.7 KB  110916 rows
. . imported "IA_ETL"."STG_NRTWFCTOTALDEL"                   0 KB       0 rows
. . imported "IA"."HST_EMP_EMPSTAT"                      143.9 KB   17069 rows
. . imported "IA"."LKP_DISP_STRNG_ARCHIVE"               386.5 KB   18532 rows
. . imported "IA_ETL"."IA0101STG_IA_LNK_CAT"             293.9 KB   15610 rows
. . imported "IA_ETL"."IA0101STG_LABORACCT"              8.640 KB      42 rows
. . imported "IA_ETL"."IA0101STG_PERSON"                 6.609 KB       1 rows
. . imported "IA_ETL"."STG_DAILYEXCHANGERATE"            5.531 KB      25 rows
. . imported "IA_ETL"."IA0101STG_BADGEASSIGN"                0 KB       0 rows
. . imported "IA_ETL"."IA0101STG_WTKEMPLOYEE"            6.265 KB       1 rows
. . imported "IA"."LKP_DIAGNOSIS_TS"                     101.6 KB    4096 rows
. . imported "IA"."SEC_LBRACCT_MATRIX"                   44.89 KB   18882 rows
. . imported "IA_ETL"."IA0101STG_LABFORECASTTOT"         69.50 KB   23925 rows
. . imported "IA_ETL"."IA0101STG_PERSONSTATUSMM"         5.375 KB       1 rows
. . imported "IA_ETL"."IA0101STG_ACCRUALTRAN_DELTA"      111.8 KB   39109 rows
. . imported "IA"."DIM_DSRC"                             93.12 KB    4422 rows
. . imported "IA_ETL"."DFLT_TAB_INDEXES"                 73.33 KB    7786 rows
. . imported "IA"."PRF_VW_DIM_TIME"                      73.38 KB    2880 rows
. . imported "IA"."WRK_SEC_EMP_MATRIX"                   35.89 KB   17977 rows
. . imported "IA"."FCT_DAY_CVRG_ORG_ROLLUP"              43.08 KB    6550 rows
. . imported "IA_ETL"."IA0101STG_BASEWAGERTHIST"         5.570 KB       1 rows
. . imported "IA"."LKP_ORG_CURR_PREV_MATRIX"             75.14 KB   11653 rows
. . imported "IA_ETL"."ETL_FLW_STEP"                     62.27 KB    1313 rows
. . imported "IA_ETL"."WRK_SEC_ORG_MATRIX"               33.39 KB   16477 rows
. . imported "IA"."SEC_EMP_LBRACCT_PR_MM"                57.67 KB   11278 rows
. . imported "IA"."SEC_EMP_ORG_PR_MM"                    58.30 KB   11436 rows
. . imported "IA_ETL"."IA0101STG_PAYPERIOD"              46.57 KB    5941 rows
. . imported "IA_ETL"."IA0101STG_PHONENUMBER"            5.203 KB       1 rows
. . imported "IA_ETL"."WRK_EFFPRSNACSASGN"               44.84 KB    7651 rows
. . imported "IA"."DIM_TIME"                             27.87 KB    1440 rows
. . imported "IA"."FCT_DAY_CVRG"                         32.71 KB    3322 rows
. . imported "IA"."LKP_DISP_STRNG"                       66.88 KB    3082 rows
. . imported "IA_ETL"."ETL_DISP_STRNG"                   66.63 KB    3082 rows
. . imported "IA_ETL"."IA0101STG_FCCATEGORY"             57.13 KB    3125 rows
. . imported "IA_ETL"."IA0101STG_IA_FSCL_DAT"            26.32 KB    4580 rows
. . imported "IA_ETL"."IA0101STG_WFCJOBORG"              5.382 KB       1 rows
. . imported "IA_ETL"."STG_EFFPRSNACSASGN"               44.48 KB    7651 rows
. . imported "IA_ETL"."WRK_WFCJOBORG"                    46.98 KB    5610 rows
. . imported "IA"."LKP_DIAGNOSIS_SCHD"                   33.07 KB    1024 rows
. . imported "IA_ETL"."ETL_LOG_ERR"                      34.95 KB     603 rows
. . imported "IA_ETL"."ETL_LOG_MSG"                      41.79 KB    1176 rows
. . imported "IA_ETL"."IA0101STG_ACCSCONTRPOINT"         44.57 KB    1014 rows
. . imported "IA_ETL"."STG_CURRENCYASSIGNMNT"            5.328 KB       1 rows
. . imported "IA_ETL"."STG_SEC_NRTPERSONCHG"                 0 KB       0 rows
. . imported "IA"."TMP_ORGSTOPROCESS_FCSTROLLUP"            29 KB   11653 rows
. . imported "IA"."TMP_ORGSTOPROCESS_TSMRYROLLUP"            0 KB       0 rows
. . imported "IA_ETL"."IA0101STG_ACCESSPROFPERM"         15.15 KB    7182 rows
. . imported "IA_ETL"."IA0101STG_CLIENTCONTEXT"          5.265 KB       1 rows
. . imported "IA"."TBEIRF9TNMD003"                       20.01 KB    2604 rows
. . imported "IA_ETL"."ETL_FLW_STEP_WFC_VER"             11.28 KB    5041 rows
. . imported "IA_ETL"."ETL_JOB_ESTMTN"                    9.75 KB    1709 rows
. . imported "IA_ETL"."ETL_LOG"                          18.62 KB    1716 rows
. . imported "IA_ETL"."ETL_LOG_TBL"                      24.66 KB    1223 rows
. . imported "IA_ETL"."ETL_OBJ"                          17.92 KB     673 rows
. . imported "IA_ETL"."IA0101STG_ALWDPERMISSION"         15.35 KB    2111 rows
. . imported "IA_ETL"."IA0101STG_DATASOURCE"             5.320 KB       1 rows
. . imported "IA_ETL"."TMP_FCT_TIME_CVRG_ROLLUP"             0 KB       0 rows
. . imported "IA"."CUB_DIM_LBRACCT_TYP"                  4.890 KB       2 rows
. . imported "IA"."DIM_ACRLCD"                            6.25 KB      15 rows
. . imported "IA"."DIM_AGE"                              5.859 KB     101 rows
. . imported "IA"."DIM_ANLY"                             7.359 KB     113 rows
. . imported "IA"."DIM_BALANCE_TYP"                      6.710 KB      14 rows
. . imported "IA"."DIM_DISCIPLINE"                       5.570 KB       2 rows
. . imported "IA"."DIM_EMPSTAT"                          5.382 KB       4 rows
. . imported "IA"."DIM_FCST_TYP"                         5.234 KB       2 rows
. . imported "IA"."DIM_GRP_SCHD"                         5.554 KB       8 rows
. . imported "IA"."DIM_HDAY"                             6.453 KB      30 rows
. . imported "IA"."DIM_INCIDENT"                         6.960 KB      14 rows
. . imported "IA"."DIM_JOB"                              8.906 KB     137 rows
. . imported "IA"."DIM_KPI"                              5.679 KB       5 rows
. . imported "IA"."DIM_KPI_THRSH"                        5.367 KB       1 rows
. . imported "IA"."DIM_LBR_FCST_TYP"                     5.523 KB      20 rows
. . imported "IA"."DIM_LBR_TYP"                          5.515 KB      10 rows
. . imported "IA"."DIM_MISC_TYP"                         6.234 KB      23 rows
. . imported "IA"."DIM_MONTH"                            7.937 KB     480 rows
. . imported "IA"."DIM_PAYCD"                            8.593 KB      77 rows
. . imported "IA"."DIM_PAY_RULE"                         9.835 KB     119 rows
. . imported "IA"."DIM_PERIOD"                           7.046 KB      44 rows
. . imported "IA"."DIM_POLICY"                           6.109 KB       1 rows
. . imported "IA"."DIM_SRC"                              5.210 KB       1 rows
. . imported "IA"."DIM_SUPV"                             6.234 KB      12 rows
. . imported "IA"."DIM_TENANT"                           5.054 KB       1 rows
. . imported "IA"."DIM_TENURE"                           7.562 KB     721 rows
. . imported "IA"."DIM_THRSH_GRP"                        5.265 KB       1 rows
. . imported "IA"."DIM_TRACKPRD"                         5.835 KB       1 rows
. . imported "IA"."DIM_TZONE"                            8.023 KB      88 rows
. . imported "IA"."DIM_WRK_GRP"                            5.5 KB       1 rows
. . imported "IA"."DIM_WRK_RULE"                         8.335 KB      84 rows
. . imported "IA"."DIM_YEAR"                              5.25 KB      40 rows
. . imported "IA"."FCT_15MINS_EMP_SCHD_POST"                 0 KB       0 rows
. . imported "IA"."FCT_15MINS_LBR_FCST"                      0 KB       0 rows
. . imported "IA"."FCT_INCIDENT_DTL"                         0 KB       0 rows
. . imported "IA"."FCT_ORG_SCHD_EDITS"                       0 KB       0 rows
. . imported "IA"."HST_EMP_GRP_SCHD"                     5.710 KB       6 rows
. . imported "IA"."HST_EMP_HM_LBRACCT"                   5.648 KB       1 rows
. . imported "IA"."IA_VERSION"                           5.656 KB      10 rows
. . imported "IA"."LANG_FLBK_RULE"                       5.257 KB      17 rows
. . imported "IA"."LKP_BRK_RULE"                         5.539 KB      11 rows
. . imported "IA"."LKP_CALLIN_RULE"                      6.273 KB       3 rows
. . imported "IA"."LKP_CRNCY"                            7.539 KB      82 rows
. . imported "IA"."LKP_CRNCY_CONFIG"                     4.984 KB       2 rows
. . imported "IA"."LKP_DEDUCT_RULE"                      5.492 KB      17 rows
. . imported "IA"."LKP_EXCP_RULE"                        6.218 KB       7 rows
. . imported "IA"."LKP_FIXED_RULE"                       6.210 KB      12 rows
. . imported "IA"."LKP_HDAY_CR_RULE"                     6.257 KB      16 rows
. . imported "IA"."LKP_LABORACCT_SET"                    6.632 KB      53 rows
. . imported "IA"."LKP_LANG"                             5.023 KB       2 rows
. . imported "IA"."LKP_LASETLABACCTMM"                   9.265 KB    1654 rows
. . imported "IA"."LKP_LBRLVL"                           5.515 KB       7 rows
. . imported "IA"."LKP_MSTR_GRP"                         8.718 KB      46 rows
. . imported "IA"."LKP_MSTR_GRP_TYP"                     5.562 KB       6 rows
. . imported "IA"."LKP_ND_MATRIX"                        4.976 KB       4 rows
. . imported "IA"."LKP_ORGSETORGMM"                      8.710 KB     931 rows
. . imported "IA"."LKP_ORG_SET"                          13.98 KB     262 rows
. . imported "IA"."LKP_OVERRIDE_TYP"                     5.351 KB       5 rows
. . imported "IA"."LKP_PAYCD_DISTR"                      5.843 KB      27 rows
. . imported "IA"."LKP_PERIOD_TYP"                       5.390 KB       2 rows
. . imported "IA"."LKP_QSGNOFF_RULE"                     5.875 KB       5 rows
. . imported "IA"."LKP_RND_RULE"                         7.562 KB       8 rows
. . imported "IA"."LKP_SCHD_AMT_TYP"                     5.695 KB      15 rows
. . imported "IA"."LKP_SCHD_BRK_RULE"                    5.570 KB       4 rows
. . imported "IA"."LKP_SEQ_RULE"                         5.523 KB       6 rows
. . imported "IA"."LKP_SHFT_GNTEE"                       6.015 KB       6 rows
. . imported "IA"."LKP_SRC"                              5.125 KB       1 rows
. . imported "IA"."LKP_TERM_RULE"                        6.492 KB       7 rows
. . imported "IA"."LKP_TSITEM_TYP"                       5.914 KB      33 rows
. . imported "IA"."LKP_WATACTIONSTATUS"                  5.523 KB       5 rows
. . imported "IA"."LKP_WATPASTATUS"                      5.421 KB       3 rows
. . imported "IA"."LKP_WATTRANSTATUS"                    5.468 KB       5 rows
. . imported "IA"."LKP_WFAN_CTGRY"                       5.273 KB       1 rows
. . imported "IA"."PRF_VW_DIM_AGE"                       7.265 KB     202 rows
. . imported "IA"."PRF_VW_DIM_LBRACCT_TYP"               5.164 KB       4 rows
. . imported "IA"."PRF_VW_DIM_LBR_TYP"                   6.117 KB      20 rows
. . imported "IA"."R_CONFIG"                             5.757 KB      23 rows
. . imported "IA"."R_CRITERIA"                           6.039 KB      15 rows
. . imported "IA"."R_MSTR_CRITERIA_TYP"                  5.140 KB       4 rows
. . imported "IA"."R_PARM"                               9.414 KB      32 rows
. . imported "IA"."R_PARM_GROUP"                         5.140 KB       7 rows
. . imported "IA"."R_PARM_LEVEL"                         5.609 KB      74 rows
. . imported "IA"."R_PARM_TYP"                           5.015 KB       8 rows
. . imported "IA"."R_PARM_VALUE"                         5.570 KB      20 rows
. . imported "IA"."SEC_LBRACCT_PR_MM"                    9.625 KB    1288 rows
. . imported "IA"."SEC_ORG_PR_MM"                        10.17 KB    1273 rows
. . imported "IA"."SEC_USER"                             11.68 KB      52 rows
. . imported "IA"."SEC_USER_IMP"                         6.781 KB      52 rows
. . imported "IA"."SEC_USER_MSTR_GRP_MATRIX"             5.726 KB     209 rows
. . imported "IA"."SEC_USER_TYP"                         5.296 KB       3 rows
. . imported "IA"."T1948ZQY4MQ000"                       5.226 KB       1 rows
. . imported "IA"."T7EWKLOBYMQ001"                       5.226 KB       1 rows
. . imported "IA"."TBBWVQPFJMQ000"                       5.226 KB       1 rows
. . imported "IA"."TCOWGLPHBMQ001"                       5.429 KB       7 rows
. . imported "IA"."TGO2AT9FIMQ000"                       6.507 KB     105 rows
. . imported "IA"."TH5TUXQOBMQ000"                       5.718 KB      11 rows
. . imported "IA"."THXWGANMKMQ001"                       5.460 KB       7 rows
. . imported "IA"."TLUZFGJNFMD002"                       5.835 KB       7 rows
. . imported "IA"."TP8WL1PTNMQ001"                       5.234 KB       1 rows
. . imported "IA"."TPEZGLER2MD002"                       6.171 KB       4 rows
. . imported "IA"."WFAN_CTGRY_INCDNT_MATRIX"             5.445 KB      14 rows
. . imported "IA_ETL"."AUD_ETL_CONFIG_TENANT_SRC"        7.929 KB     100 rows
. . imported "IA_ETL"."CDC_SEC_USER"                     6.585 KB     299 rows
. . imported "IA_ETL"."CDC_SUBSCRIBERS"                  5.273 KB       1 rows
. . imported "IA_ETL"."CHGTRK_FCT_TSMRY"                     0 KB       0 rows
. . imported "IA_ETL"."CHGTRK_FCT_TSMRY_ROLLUP"              0 KB       0 rows
. . imported "IA_ETL"."DFLT_MEM_PARM"                    5.648 KB      10 rows
. . imported "IA_ETL"."DFLT_PERF_PARM"                   5.945 KB      75 rows
. . imported "IA_ETL"."DIAG_UTIL_EXCLUDE_INDEXES"        5.429 KB      53 rows
. . imported "IA_ETL"."ETL_CONFIG"                       16.68 KB     181 rows
. . imported "IA_ETL"."ETL_CONFIG_FEATURE_PRODUCT"       7.351 KB     167 rows
. . imported "IA_ETL"."ETL_CONFIG_TENANT_SRC"            8.281 KB     180 rows
. . imported "IA_ETL"."ETL_CONFIG_TYP"                   4.890 KB       4 rows
. . imported "IA_ETL"."ETL_CONFIG_WFC_INSTANCE"          6.273 KB       1 rows
. . imported "IA_ETL"."ETL_CTL"                              6 KB      43 rows
. . imported "IA_ETL"."ETL_CTL_SCHEDULE"                 5.906 KB      16 rows
. . imported "IA_ETL"."ETL_CTX_META"                     6.406 KB      55 rows
. . imported "IA_ETL"."ETL_END"                          5.234 KB       7 rows
. . imported "IA_ETL"."ETL_ERR"                          5.976 KB      22 rows
. . imported "IA_ETL"."ETL_ERR_SEV"                      5.406 KB      21 rows
. . imported "IA_ETL"."ETL_ERR_TYP"                      4.898 KB       3 rows
. . imported "IA_ETL"."ETL_FEATURE"                      5.828 KB       6 rows
. . imported "IA_ETL"."ETL_FEATURE_CTL"                  4.906 KB      10 rows
. . imported "IA_ETL"."ETL_FLW"                          7.453 KB     129 rows
. . imported "IA_ETL"."ETL_HST_UTIL"                     5.367 KB       9 rows
. . imported "IA_ETL"."ETL_IA_VER"                       4.859 KB       4 rows
. . imported "IA_ETL"."ETL_JOB"                          7.515 KB      31 rows
. . imported "IA_ETL"."ETL_JOB_SWITCH_AUDIT"             5.656 KB       1 rows
. . imported "IA_ETL"."ETL_LANG"                         5.273 KB      12 rows
. . imported "IA_ETL"."ETL_MAP_CTL_ID"                   5.218 KB      20 rows
. . imported "IA_ETL"."ETL_MSG_CODE"                     6.187 KB     156 rows
. . imported "IA_ETL"."ETL_OBJ_PARM"                     8.312 KB      46 rows
. . imported "IA_ETL"."ETL_OBJ_TYP"                      5.187 KB      13 rows
. . imported "IA_ETL"."ETL_PRODUCT"                      4.984 KB       2 rows
. . imported "IA_ETL"."ETL_PRODUCT_CTL"                      5 KB      39 rows
. . imported "IA_ETL"."ETL_REJ_WARN_RECS"                6.109 KB      52 rows
. . imported "IA_ETL"."ETL_SPROC_VNDR_VER"               7.406 KB     228 rows
. . imported "IA_ETL"."ETL_SRC"                          5.304 KB       1 rows
. . imported "IA_ETL"."ETL_TENANT"                       5.070 KB       1 rows
. . imported "IA_ETL"."ETL_TENANT_SRC"                   5.570 KB       1 rows
. . imported "IA_ETL"."ETL_VNDR_VER"                     5.054 KB      11 rows
. . imported "IA_ETL"."IA0101STG_ACCESSPROFILE"          7.554 KB      43 rows
. . imported "IA_ETL"."IA0101STG_ACCRUALCODE"            5.953 KB      15 rows
. . imported "IA_ETL"."IA0101STG_ACCRUALPROFILE"         5.171 KB       4 rows
. . imported "IA_ETL"."IA0101STG_ACCRUALTRAN"                0 KB       0 rows
. . imported "IA_ETL"."IA0101STG_ACCRUALTRAN_DLY"            0 KB       0 rows
. . imported "IA_ETL"."IA0101STG_BREAKRULE"              5.265 KB      11 rows
. . imported "IA_ETL"."IA0101STG_CALLINRULE"             6.187 KB       3 rows
. . imported "IA_ETL"."IA0101STG_COMMENTS"               6.734 KB      47 rows
. . imported "IA_ETL"."IA0101STG_DEDUCTRULE"             5.312 KB      17 rows
. . imported "IA_ETL"."IA0101STG_EMAILADDRESS"           5.125 KB       1 rows
. . imported "IA_ETL"."IA0101STG_EMPGRPSCHEDMM"              0 KB       0 rows
. . imported "IA_ETL"."IA0101STG_EMPLOYMENTSTAT"         5.148 KB       4 rows
. . imported "IA_ETL"."IA0101STG_EXCEPTIONRULE"          5.960 KB       7 rows
. . imported "IA_ETL"."IA0101STG_FCLABORBUDGET"              0 KB       0 rows
. . imported "IA_ETL"."IA0101STG_FCLINKEDCAT"            6.335 KB     139 rows
. . imported "IA_ETL"."IA0101STG_FCVOLUMEBUDGET"             0 KB       0 rows
. . imported "IA_ETL"."IA0101STG_FIXEDRULE"              5.937 KB      12 rows
. . imported "IA_ETL"."IA0101STG_GROUPSCHEDULE"          5.296 KB       8 rows
. . imported "IA_ETL"."IA0101STG_HOLCREDITRULE"           6.25 KB      16 rows
. . imported "IA_ETL"."IA0101STG_HOLIDAY"                6.015 KB      30 rows
. . imported "IA_ETL"."IA0101STG_IA_ACRL"                    0 KB       0 rows
. . imported "IA_ETL"."IA0101STG_IA_ACRL_BAL"                0 KB       0 rows
. . imported "IA_ETL"."IA0101STG_IA_ACRL_BAL_MAX"            0 KB       0 rows
. . imported "IA_ETL"."IA0101STG_IA_CALC_SMRY"               0 KB       0 rows
. . imported "IA_ETL"."IA0101STG_IA_PNCHEVNT_CMT"            0 KB       0 rows
. . imported "IA_ETL"."IA0101STG_IA_SCHD"                    0 KB       0 rows
. . imported "IA_ETL"."IA0101STG_IA_SCHD_WRK"                0 KB       0 rows
. . imported "IA_ETL"."IA0101STG_IA_SEC_USER"            7.703 KB      50 rows
. . imported "IA_ETL"."IA0101STG_IA_TSITEM_CMT"              0 KB       0 rows
. . imported "IA_ETL"."IA0101STG_IA_WRK"                     0 KB       0 rows
. . imported "IA_ETL"."IA0101STG_IA_WRK_SCHD"                0 KB       0 rows
. . imported "IA_ETL"."IA0101STG_JOBCODE"                5.257 KB       4 rows
. . imported "IA_ETL"."IA0101STG_LABORLEVELDEF"          5.828 KB       7 rows
. . imported "IA_ETL"."IA0101STG_LABORLEVELENTRY"        9.859 KB     273 rows
. . imported "IA_ETL"."IA0101STG_LICENSETYPE"            5.570 KB      25 rows
. . imported "IA_ETL"."IA0101STG_MISC_TYP"               5.953 KB      23 rows
. . imported "IA_ETL"."IA0101STG_MYPAYPERIOD"            7.085 KB     111 rows
. . imported "IA_ETL"."IA0101STG_ORG"                    6.171 KB       1 rows
. . imported "IA_ETL"."IA0101STG_ORGTYPE"                5.585 KB      14 rows
. . imported "IA_ETL"."IA0101STG_OVERRIDETYPE"           5.156 KB       5 rows
. . imported "IA_ETL"."IA0101STG_PAYCATDIS"               5.75 KB      27 rows
. . imported "IA_ETL"."IA0101STG_PAYCODE"                7.273 KB      77 rows
. . imported "IA_ETL"."IA0101STG_PAYRULE"                8.062 KB     119 rows
. . imported "IA_ETL"."IA0101STG_PAYRULEIDS"             6.343 KB     111 rows
. . imported "IA_ETL"."IA0101STG_POSTALADDRESS"            5.5 KB       1 rows
. . imported "IA_ETL"."IA0101STG_POSVOLUMETOTAL"             0 KB       0 rows
. . imported "IA_ETL"."IA0101STG_PRSNACCSASSIGN"         7.046 KB     250 rows
. . imported "IA_ETL"."IA0101STG_PRSNLICTYPEMM"          5.828 KB     260 rows
. . imported "IA_ETL"."IA0101STG_PUNCHCOMMENTMM"             0 KB       0 rows
. . imported "IA_ETL"."IA0101STG_PUNCHEVENT"                 0 KB       0 rows
. . imported "IA_ETL"."IA0101STG_PUNCHEVENT_SE"              0 KB       0 rows
. . imported "IA_ETL"."IA0101STG_QUALSIGNOFRULE"         5.679 KB       5 rows
. . imported "IA_ETL"."IA0101STG_ROUNDRULE"              7.257 KB       8 rows
. . imported "IA_ETL"."IA0101STG_SCHEDAMTTYPE"           5.429 KB      15 rows
. . imported "IA_ETL"."IA0101STG_SCHEDBREAKRULE"         5.265 KB       4 rows
. . imported "IA_ETL"."IA0101STG_SCHEDULEDTOTAL"             0 KB       0 rows
. . imported "IA_ETL"."IA0101STG_SEQUENCERRULE"          5.203 KB       6 rows
. . imported "IA_ETL"."IA0101STG_SHIFTAPPLYDATE"             0 KB       0 rows
. . imported "IA_ETL"."IA0101STG_SHIFTGUARANTEE"         5.562 KB       6 rows
. . imported "IA_ETL"."IA0101STG_TERMINALRULE"           6.296 KB       7 rows
. . imported "IA_ETL"."IA0101STG_TIMESHEETITEM"              0 KB       0 rows
. . imported "IA_ETL"."IA0101STG_TIMESHEETITEM_SE"       6.898 KB       1 rows
. . imported "IA_ETL"."IA0101STG_TIMEZONE"               7.570 KB      88 rows
. . imported "IA_ETL"."IA0101STG_TMSHTITEMTYPE"          5.671 KB      33 rows
. . imported "IA_ETL"."IA0101STG_TSCOMMENTMM"                0 KB       0 rows
. . imported "IA_ETL"."IA0101STG_USERACCOUNT"            7.210 KB     250 rows
. . imported "IA_ETL"."IA0101STG_VOLFORECAST"                0 KB       0 rows
. . imported "IA_ETL"."IA0101STG_WFCEXCEPTION"               0 KB       0 rows
. . imported "IA_ETL"."IA0101STG_WFCJOB"                 7.515 KB     137 rows
. . imported "IA_ETL"."IA0101STG_WFCTOTAL"                   0 KB       0 rows
. . imported "IA_ETL"."IA0101STG_WORKEDSHIFT"                0 KB       0 rows
. . imported "IA_ETL"."IA0101STG_WORKERTYPE"             5.148 KB       4 rows
. . imported "IA_ETL"."IA0101STG_WORKRULE"               6.984 KB      84 rows
. . imported "IA_ETL"."IA0101STG_WORKRULEIDS"            6.023 KB      84 rows
. . imported "IA_ETL"."IA0101WRK_IA_DYN_LD_COL"          6.953 KB      31 rows
. . imported "IA_ETL"."IA0101WRK_IA_EXCP_TYP"            5.351 KB      15 rows
. . imported "IA_ETL"."IA0101WRK_IA_PAYCAT"              6.382 KB      83 rows
. . imported "IA_ETL"."LKP_USER_SYNC_LOG_MSG"            6.117 KB      16 rows
. . imported "IA_ETL"."PRF_VW_CTGRY_INCDNT_MTRX_0_0"         0 KB       0 rows
. . imported "IA_ETL"."PRF_VW_LKP_CRNCY_0_0"                 0 KB       0 rows
. . imported "IA_ETL"."PRF_VW_LKP_WATACTIONSTATUS_0_0"       0 KB       0 rows
. . imported "IA_ETL"."PRF_VW_LKP_WFAN_CTGRY_0_0"            0 KB       0 rows
. . imported "IA_ETL"."PTI_BALANCE_TYP_0_0"                  0 KB       0 rows
. . imported "IA_ETL"."PTI_DISCIPLINE_0_0"                   0 KB       0 rows
. . imported "IA_ETL"."PTI_DSRC_0_0"                         0 KB       0 rows
. . imported "IA_ETL"."PTI_EMP_0_0"                          0 KB       0 rows
. . imported "IA_ETL"."PTI_INCIDENT_0_0"                     0 KB       0 rows
. . imported "IA_ETL"."PTI_LBRACCT_0_0"                      0 KB       0 rows
. . imported "IA_ETL"."PTI_ORG_0_0"                          0 KB       0 rows
. . imported "IA_ETL"."PTI_PAYCD_0_0"                        0 KB       0 rows
. . imported "IA_ETL"."PTI_PAYPER_0_0"                       0 KB       0 rows
. . imported "IA_ETL"."PTI_PERIOD_PAYPER_0_0"                0 KB       0 rows
. . imported "IA_ETL"."PTI_POLICY_0_0"                       0 KB       0 rows
. . imported "IA_ETL"."PTI_SUPV_0_0"                         0 KB       0 rows
. . imported "IA_ETL"."PTI_TRACKPRD_0_0"                     0 KB       0 rows
. . imported "IA_ETL"."STG_COMBHOMEACCT"                 5.476 KB       1 rows
. . imported "IA_ETL"."STG_CURRENCY"                     7.101 KB      82 rows
. . imported "IA_ETL"."STG_DAYSHFTASSGNMNT_SGMNT_0_0"        0 KB       0 rows
. . imported "IA_ETL"."STG_EMP_ACT_0_0"                      0 KB       0 rows
. . imported "IA_ETL"."STG_EMP_SCHD_0_0"                     0 KB       0 rows
. . imported "IA_ETL"."STG_EMP_SCHD_GEN_0_0"                 0 KB       0 rows
. . imported "IA_ETL"."STG_FCCATCURRENCYASSIGNMNT"       5.257 KB       5 rows
. . imported "IA_ETL"."STG_FCT_TDTL"                         0 KB       0 rows
. . imported "IA_ETL"."STG_FCT_TSCHD"                        0 KB       0 rows
. . imported "IA_ETL"."STG_LABORACCTSET"                 6.312 KB      52 rows
. . imported "IA_ETL"."STG_LANG_DRVR"                    5.398 KB      11 rows
. . imported "IA_ETL"."STG_LASETLABACCTMM"               5.093 KB       4 rows
. . imported "IA_ETL"."STG_NRTBGPTOTALIZATION"           5.398 KB       2 rows
. . imported "IA_ETL"."STG_NRTCOMBHOMEACCTDEL"           5.070 KB       1 rows
. . imported "IA_ETL"."STG_NRTSHIFTAPPLYDATEDEL"             0 KB       0 rows
. . imported "IA_ETL"."STG_NRTTIMESHEETITEMDEL"              0 KB       0 rows
. . imported "IA_ETL"."STG_NRTTIMESHEETITEMDEL_SE"           0 KB       0 rows
. . imported "IA_ETL"."STG_NRTWFCCHG"                    5.148 KB       4 rows
. . imported "IA_ETL"."STG_NRTWFCEXCEPTIONDEL"               0 KB       0 rows
. . imported "IA_ETL"."STG_NRTWFCJOBORGDEL"                  0 KB       0 rows
. . imported "IA_ETL"."STG_NRTWORKEDSHIFTDEL"                0 KB       0 rows
. . imported "IA_ETL"."STG_ORGSET"                       5.890 KB      12 rows
. . imported "IA_ETL"."STG_ORGSETORGMM"                  5.273 KB      27 rows
. . imported "IA_ETL"."STG_SEC_NRTLASETLABACCTMMDEL"         0 KB       0 rows
. . imported "IA_ETL"."STG_SEC_NRTPRSNLICTYPEMMDEL"          0 KB       0 rows
. . imported "IA_ETL"."TMP_COMBHOMEACCT_NEWORG"              0 KB       0 rows
. . imported "IA_ETL"."TMP_CVRG_REC_COUNT"               5.320 KB      14 rows
. . imported "IA_ETL"."TMP_FCT_INCIDENT_EMP_DTL_0_0"         0 KB       0 rows
. . imported "IA_ETL"."TMP_FCT_TIME_CVRG_0_0"            6.375 KB     111 rows
. . imported "IA_ETL"."TMP_IA_WRK_SCHD_INTER1"               0 KB       0 rows
. . imported "IA_ETL"."TMP_IA_WRK_SCHD_INTER2"               0 KB       0 rows
. . imported "IA_ETL"."TMP_LA_PERSON"                        0 KB       0 rows
. . imported "IA_ETL"."TMP_ORGIDS_LST"                       0 KB       0 rows
. . imported "IA_ETL"."TMP_ORG_OPEN_SHIFTS_0_0"              0 KB       0 rows
. . imported "IA_ETL"."TMP_ORG_OPEN_SHIFTS_GEN_0_0"          0 KB       0 rows
. . imported "IA_ETL"."TMP_ORG_PERSON"                       0 KB       0 rows
. . imported "IA_ETL"."TMP_STG_COMBHMA_LAST"             5.531 KB       1 rows
. . imported "IA_ETL"."TMP_TSMRY_SHFTAPPLYDT_EMP"            0 KB       0 rows
. . imported "IA_ETL"."TMP_WRK_COMBHMA_LAST"             5.554 KB       1 rows
. . imported "IA_ETL"."TMP_WRK_MIN_MAX"                      0 KB       0 rows
. . imported "IA_ETL"."WRK_COMBHOMEACCT"                 5.523 KB       1 rows
. . imported "IA_ETL"."WRK_COMBHOMEACCT_WAT"             5.125 KB       1 rows
. . imported "IA_ETL"."WRK_FCCATCURRENCYASSIGNMNT"       5.460 KB       5 rows
. . imported "IA_ETL"."WRK_LASET"                        5.062 KB       1 rows
. . imported "IA_ETL"."WRK_LASETID_FLTR"                 5.648 KB       1 rows
. . imported "IA_ETL"."WRK_LASETLABACCTMM"               8.984 KB    1654 rows
. . imported "IA_ETL"."WRK_ORGSET"                       13.18 KB     259 rows
. . imported "IA_ETL"."WRK_ORGSETORGMM"                  8.546 KB     931 rows
. . imported "IA_ETL"."WRK_PRSNACCSASSIGN"               7.070 KB     250 rows
. . imported "IA_ETL"."WRK_PRSNLICTYPEMM"                5.906 KB     260 rows
. . imported "IA_ETL"."WRK_SEC_LBRACCT_MATRIX"           7.664 KB     850 rows
. . imported "IA_ETL"."WRK_SEC_USER_WAGE_SWT"            5.367 KB      38 rows
. . imported "IA_ETL"."WRK_SHFTASSGNMNT"                     0 KB       0 rows
. . imported "IA_ETL"."WRK_SHFTSGMNT"                        0 KB       0 rows
. . imported "IA_ETL"."WRK_SHIFTCODE"                        0 KB       0 rows
. . imported "IA_ETL"."WRK_USERACCOUNT"                   7.25 KB     250 rows
. . imported "IA_ETL"."WRK_WATDISCIPLTRAN"                   0 KB       0 rows
. . imported "IA_ETL"."WRK_WATPATRAN"                        0 KB       0 rows
. . imported "IA_ETL"."WRK_WATPOINTTRAN"                     0 KB       0 rows
. . imported "IA_ETL"."WRK_WATTRANSACTION"                   0 KB       0 rows
. . imported "IA"."CUB_DIM_ORG"                              0 KB       0 rows
. . imported "IA"."CUB_FCT_TSMRY"                            0 KB       0 rows
. . imported "IA"."CUB_FCT_TSMRY_MO"                         0 KB       0 rows
. . imported "IA"."CUB_OUTPUT_FINAL"                         0 KB       0 rows
. . imported "IA"."CUB_OUTPUT_MO_FINAL"                      0 KB       0 rows
. . imported "IA"."DIM_ACTY"                                 0 KB       0 rows
. . imported "IA"."DIM_ACTY_CUST"                            0 KB       0 rows
. . imported "IA"."DIM_ACTY_FORM"                            0 KB       0 rows
. . imported "IA"."DIM_ACTY_PUNCH"                           0 KB       0 rows
. . imported "IA"."DIM_ACTY_UNIT"                            0 KB       0 rows
. . imported "IA"."DIM_CAREGIVER_TYPE"                       0 KB       0 rows
. . imported "IA"."DIM_DEPT"                                 0 KB       0 rows
. . imported "IA"."DIM_FCLTY"                                0 KB       0 rows
. . imported "IA"."DIM_LASET"                                0 KB       0 rows
. . imported "IA"."DIM_PAYROLL_EMPLMT_STAT"                  0 KB       0 rows
. . imported "IA"."DIM_PAYROLL_PAYCD"                        0 KB       0 rows
. . imported "IA"."DIM_RESULTCODE"                           0 KB       0 rows
. . imported "IA"."DIM_SHIFT"                                0 KB       0 rows
. . imported "IA"."DIM_UDFS"                                 0 KB       0 rows
. . imported "IA"."DIM_VOL_LBL"                              0 KB       0 rows
. . imported "IA"."DIM_VOL_TYPE"                             0 KB       0 rows
. . imported "IA"."DIM_WRK_UNIT"                             0 KB       0 rows
. . imported "IA"."DIM_WRK_UNIT_HRCHY"                       0 KB       0 rows
. . imported "IA"."FCT_15MINS_EMP_ACT"                       0 KB       0 rows
. . imported "IA"."FCT_15MINS_EMP_SCHD_GEN"                  0 KB       0 rows
. . imported "IA"."FCT_ACTY_EVNT"                            0 KB       0 rows
. . imported "IA"."FCT_ACTY_EVNT_CELL"                       0 KB       0 rows
. . imported "IA"."FCT_AUDT_LAGRP_ALL_MEAN"                  0 KB       0 rows
. . imported "IA"."FCT_AUDT_LAGRP_CLST_SCHD_MEAN"            0 KB       0 rows
. . imported "IA"."FCT_AUDT_LAGRP_CLST_SCHD_RSLT"            0 KB       0 rows
. . imported "IA"."FCT_AUDT_LAGRP_CLST_TS_SD_MEAN"           0 KB       0 rows
. . imported "IA"."FCT_AUDT_LAGRP_CLST_TS_SD_RSLT"           0 KB       0 rows
. . imported "IA"."FCT_AUDT_LAGRP_CLUSTER_TS_MEAN"           0 KB       0 rows
. . imported "IA"."FCT_AUDT_LAGRP_CLUSTER_TS_RSLT"           0 KB       0 rows
. . imported "IA"."FCT_AUDT_LA_SUPV_CLSTR_SCHD"              0 KB       0 rows
. . imported "IA"."FCT_AUDT_LA_SUPV_CLSTR_TS"                0 KB       0 rows
. . imported "IA"."FCT_AUDT_PNCH_EVNT"                       0 KB       0 rows
. . imported "IA"."FCT_AUDT_SHIFT_EDITS"                     0 KB       0 rows
. . imported "IA"."FCT_EMP_AUDT_SMRY"                        0 KB       0 rows
. . imported "IA"."FCT_EMP_SCHD_EDITS"                       0 KB       0 rows
. . imported "IA"."FCT_EMP_SCHD_SHIFTS"                      0 KB       0 rows
. . imported "IA"."FCT_HC_LBR_UTIL"                          0 KB       0 rows
. . imported "IA"."FCT_HC_PAYROLL"                           0 KB       0 rows
. . imported "IA"."FCT_HC_VOL"                               0 KB       0 rows
. . imported "IA"."FCT_HC_VOL_LBR"                           0 KB       0 rows
. . imported "IA"."FCT_HC_VOL_LBR_CNC"                       0 KB       0 rows
. . imported "IA"."FCT_HC_VOL_PAYROLL"                       0 KB       0 rows
. . imported "IA"."FCT_HC_VOL_PAYROLL_CNC"                   0 KB       0 rows
. . imported "IA"."FCT_INCIDENT_DTL_LA_ROLLUP"               0 KB       0 rows
. . imported "IA"."FCT_INCIDENT_DTL_ORG_ROLLUP"              0 KB       0 rows
. . imported "IA"."FCT_LA_AUDT_SMRY"                         0 KB       0 rows
. . imported "IA"."FCT_ORG_AUDT_SMRY"                        0 KB       0 rows
. . imported "IA"."FCT_ORG_SCHD_SHIFTS"                      0 KB       0 rows
. . imported "IA"."FCT_PAYROLL"                              0 KB       0 rows
. . imported "IA"."FCT_SCHD_EDITS_ORG_ROLLUP"                0 KB       0 rows
. . imported "IA"."FCT_VOL"                                  0 KB       0 rows
. . imported "IA"."FCT_WU_EMP_PAYPER"                        0 KB       0 rows
. . imported "IA"."FCT_WU_KPI_THRSH"                         0 KB       0 rows
. . imported "IA"."HP_PARTITION_LOG"                         0 KB       0 rows
. . imported "IA"."HST_EMP_ADJ_PAYROLL_STD_HRS"              0 KB       0 rows
. . imported "IA"."HST_EMP_BADGE"                            0 KB       0 rows
. . imported "IA"."HST_EMP_PRI_JOB_COD"                      0 KB       0 rows
. . imported "IA"."IA_CONFIG"                                0 KB       0 rows
. . imported "IA"."LKP_DIAGNOSIS_TS_SCHD"                    0 KB       0 rows
. . imported "IA"."LKP_LAGRP_LA_MATRIX"                      0 KB       0 rows
. . imported "IA"."LKP_LASETID_FLTR"                         0 KB       0 rows
. . imported "IA"."LKP_LEVEL_CLASS_MAP"                      0 KB       0 rows
. . imported "IA"."LKP_PAYCD_FLW"                            0 KB       0 rows
. . imported "IA"."LKP_PAYCD_NCR_CR_RLTN"                    0 KB       0 rows
. . imported "IA"."LKP_PAYROLL_STD_HRS_SPLT"                 0 KB       0 rows
. . imported "IA"."LKP_SCHEDULE_PERIOD"                      0 KB       0 rows
. . imported "IA"."LKP_SQL_QUALIFIERS"                       0 KB       0 rows
. . imported "IA"."LKP_THRSH_GRP_THRSH"                      0 KB       0 rows
. . imported "IA"."LKP_UDFS_DB_MAP"                          0 KB       0 rows
. . imported "IA"."LKP_UDFS_NAME"                            0 KB       0 rows
. . imported "IA"."LKP_UI_CHOICES"                           0 KB       0 rows
. . imported "IA"."LKP_WRK_UNIT_CLS"                         0 KB       0 rows
. . imported "IA"."LKP_WRK_UNIT_LLG_ORG"                     0 KB       0 rows
. . imported "IA"."LKP_WRK_UNIT_PG"                          0 KB       0 rows
. . imported "IA"."LKP_WRK_UNIT_RLTN"                        0 KB       0 rows
. . imported "IA"."LKP_WRK_UNIT_TYP"                         0 KB       0 rows
. . imported "IA"."LKP_WRK_UNIT_VG"                          0 KB       0 rows
. . imported "IA"."LKP_WU_CLS_TYP_THRSH_GRP"                 0 KB       0 rows
. . imported "IA"."LKP_WU_THRSH_GRP_OVRD"                    0 KB       0 rows
. . imported "IA"."PRF_VW_CTGRY_INCDNT_MTRX"                 0 KB       0 rows
. . imported "IA"."PRF_VW_DIM_ACTY"                          0 KB       0 rows
. . imported "IA"."PRF_VW_DIM_BALANCE_TYP"                   0 KB       0 rows
. . imported "IA"."PRF_VW_DIM_DISCIPLINE"                    0 KB       0 rows
. . imported "IA"."PRF_VW_DIM_DSRC"                          0 KB       0 rows
. . imported "IA"."PRF_VW_DIM_EMP"                           0 KB       0 rows
. . imported "IA"."PRF_VW_DIM_INCIDENT"                      0 KB       0 rows
. . imported "IA"."PRF_VW_DIM_LBRACCT"                       0 KB       0 rows
. . imported "IA"."PRF_VW_DIM_ORG"                           0 KB       0 rows
. . imported "IA"."PRF_VW_DIM_PAYCD"                         0 KB       0 rows
. . imported "IA"."PRF_VW_DIM_PAYPER"                        0 KB       0 rows
. . imported "IA"."PRF_VW_DIM_PERIOD_PAYPER"                 0 KB       0 rows
. . imported "IA"."PRF_VW_DIM_POLICY"                        0 KB       0 rows
. . imported "IA"."PRF_VW_DIM_SUPV"                          0 KB       0 rows
. . imported "IA"."PRF_VW_DIM_TRACKPRD"                      0 KB       0 rows
. . imported "IA"."PRF_VW_DIM_WRK_UNIT"                      0 KB       0 rows
. . imported "IA"."PRF_VW_FCT_EMP_SCHD_EDITS"                0 KB       0 rows
. . imported "IA"."PRF_VW_FCT_ORG_SCHD_EDITS"                0 KB       0 rows
. . imported "IA"."PRF_VW_LKP_CRNCY"                         0 KB       0 rows
. . imported "IA"."PRF_VW_LKP_LAGRP_LA_MATRIX"               0 KB       0 rows
. . imported "IA"."PRF_VW_LKP_WATACTIONSTATUS"               0 KB       0 rows
. . imported "IA"."PRF_VW_LKP_WFAN_CTGRY"                    0 KB       0 rows
. . imported "IA"."PRF_VW_SEC_MATRIX_WRK_UNIT"               0 KB       0 rows
. . imported "IA"."R_AGCY_LBR_EXCP"                          0 KB       0 rows
. . imported "IA"."R_CB_RPRT_SET"                            0 KB       0 rows
. . imported "IA"."R_CB_RPRT_SET_ASSGN"                      0 KB       0 rows
. . imported "IA"."R_CB_RPRT_SET_WU_DEF"                     0 KB       0 rows
. . imported "IA"."R_FIXED_TGT_PAYPER"                       0 KB       0 rows
. . imported "IA"."R_FSCL_BUD_RATES"                         0 KB       0 rows
. . imported "IA"."R_FSCL_EMPLMT_PLAN"                       0 KB       0 rows
. . imported "IA"."R_FSCL_LBR_TYP_SPRD"                      0 KB       0 rows
. . imported "IA"."R_FSCL_WRK_GRP_SPRD"                      0 KB       0 rows
. . imported "IA"."R_MSTR_CRITERIA"                          0 KB       0 rows
. . imported "IA"."R_MSTR_CRITERIA_CREATED_BY"               0 KB       0 rows
. . imported "IA"."R_MSTR_CRITERIA_USERS"                    0 KB       0 rows
. . imported "IA"."R_PAYROLL_EXCP"                           0 KB       0 rows
. . imported "IA"."R_TDTL_EXCP"                              0 KB       0 rows
. . imported "IA"."R_VOL_EXCP"                               0 KB       0 rows
. . imported "IA"."R_VRBL_TGT"                               0 KB       0 rows
. . imported "IA"."R_VRBL_TGT_DLY"                           0 KB       0 rows
. . imported "IA"."R_VRBL_TGT_PAYPER"                        0 KB       0 rows
. . imported "IA"."SEC_ACCESS_FUNCT"                         0 KB       0 rows
. . imported "IA"."SEC_ACCESS_PROF"                          0 KB       0 rows
. . imported "IA"."SEC_ACCESS_PROF_ENTY"                     0 KB       0 rows
. . imported "IA"."SEC_ACCESS_PROF_ENTY_COL"                 0 KB       0 rows
. . imported "IA"."SEC_ACCESS_PROF_FUNCT"                    0 KB       0 rows
. . imported "IA"."SEC_MATRIX_WRK_UNIT"                      0 KB       0 rows
. . imported "IA"."SEC_MATRIX_WRK_UNIT_LOG"                  0 KB       0 rows
. . imported "IA"."SEC_MATRIX_WRK_UNIT_OVERRIDE"             0 KB       0 rows
. . imported "IA"."UI_ENTY"                                  0 KB       0 rows
. . imported "IA"."UI_ENTY_COL"                              0 KB       0 rows
. . imported "IA"."UI_ENTY_TYP"                              0 KB       0 rows
. . imported "IA"."VIPCALC"                                  0 KB       0 rows
. . imported "IA"."VIPCALCLOG"                               0 KB       0 rows
. . imported "IA"."VIPCATDESC"                               0 KB       0 rows
. . imported "IA"."VIPCOMMENTS"                              0 KB       0 rows
. . imported "IA"."VIPLIMITPERIOD"                           0 KB       0 rows
. . imported "IA"."VIPRESPONSE"                              0 KB       0 rows
. . imported "IA"."VIPSTARTDATE"                             0 KB       0 rows
. . imported "IA"."VIPTDATE"                                 0 KB       0 rows
. . imported "IA"."VIPTHRESH"                                0 KB       0 rows
. . imported "IA"."VIPTHRESHDESC"                            0 KB       0 rows
. . imported "IA"."VIPTHRESHGRP"                             0 KB       0 rows
. . imported "IA"."VIPWRK_UNIT_GRP"                          0 KB       0 rows
. . imported "IA"."VIPWRK_UNIT_GRP_MAPPING"                  0 KB       0 rows
. . imported "IA"."W01T_UDFS_LD_LOG"                         0 KB       0 rows
. . imported "IA"."WRK_UDFS_EXCEPTION"                       0 KB       0 rows
. . imported "IA_ETL"."AUD_ETL_CTX_META"                     0 KB       0 rows
. . imported "IA_ETL"."CDC_LKP_UDFS_DB_MAP"                  0 KB       0 rows
. . imported "IA_ETL"."CDC_LKP_UDFS_NAME"                    0 KB       0 rows
. . imported "IA_ETL"."CHGTRK_CUB_FCT_TSMRY"                 0 KB       0 rows
. . imported "IA_ETL"."CHGTRK_EMP_AUDT_SMRY"                 0 KB       0 rows
. . imported "IA_ETL"."CHGTRK_LA_AUDT_SMRY"                  0 KB       0 rows
. . imported "IA_ETL"."CHGTRK_ORG_AUDT_SMRY"                 0 KB       0 rows
. . imported "IA_ETL"."DB_OBJ_COL_RECONCILE_LOG"             0 KB       0 rows
. . imported "IA_ETL"."DB_OBJ_RECONCILE_LOG"                 0 KB       0 rows
. . imported "IA_ETL"."DEL_SEC_EMP_ORG"                      0 KB       0 rows
. . imported "IA_ETL"."DEL_SEC_LBRACCT_MATRIX"               0 KB       0 rows
. . imported "IA_ETL"."DEL_SEC_ORG_MATRIX"                   0 KB       0 rows
. . imported "IA_ETL"."DEL_WRK_SEC_EMP_MATRIX"               0 KB       0 rows
. . imported "IA_ETL"."DEL_WRK_SEC_LBRACCT_MATRIX"           0 KB       0 rows
. . imported "IA_ETL"."DEL_WRK_SEC_ORG_MATRIX"               0 KB       0 rows
. . imported "IA_ETL"."ETL_AUDIT"                            0 KB       0 rows
. . imported "IA_ETL"."ETL_DAT_CHCK_GRP"                     0 KB       0 rows
. . imported "IA_ETL"."ETL_DAT_CHCK_SQL_STMNT"               0 KB       0 rows
. . imported "IA_ETL"."ETL_EXT_FLW_STEP"                     0 KB       0 rows
. . imported "IA_ETL"."ETL_FLW_MAPPING"                      0 KB       0 rows
. . imported "IA_ETL"."ETL_JOB_INSTANCE"                     0 KB       0 rows
. . imported "IA_ETL"."IA0101STG_IA_ABSENCE"                 0 KB       0 rows
. . imported "IA_ETL"."IA0101STG_IA_ACRL_TRAN"               0 KB       0 rows
. . imported "IA_ETL"."IA0101STG_IA_FCST_EXCP"               0 KB       0 rows
. . imported "IA_ETL"."IA0101STG_IA_JOBORG"                  0 KB       0 rows
. . imported "IA_ETL"."IA0101STG_WORKRULEDEDUCTMM"           0 KB       0 rows
. . imported "IA_ETL"."IA0101WRK_HISTEDIT"                   0 KB       0 rows
. . imported "IA_ETL"."IA0101WRK_IA_FLW_INFO"                0 KB       0 rows
. . imported "IA_ETL"."IA0101WRK_IA_LD_UTIL_GRP"             0 KB       0 rows
. . imported "IA_ETL"."IA0101WRK_IA_LD_UTIL_TBL"             0 KB       0 rows
. . imported "IA_ETL"."LKP_MPD_LBRACCT"                      0 KB       0 rows
. . imported "IA_ETL"."LKP_MPD_ORG"                          0 KB       0 rows
. . imported "IA_ETL"."LKP_TASK_EXCP_SCHDL"                  0 KB       0 rows
. . imported "IA_ETL"."NRT_SHIFTASSIGNMNT_DEL"               0 KB       0 rows
. . imported "IA_ETL"."STG_ACTIONTYPE"                       0 KB       0 rows
. . imported "IA_ETL"."STG_ADJ_STD_HRS"                      0 KB       0 rows
. . imported "IA_ETL"."STG_AGCY_LBR_EXCP"                    0 KB       0 rows
. . imported "IA_ETL"."STG_AGCY_LBR_IMP"                     0 KB       0 rows
. . imported "IA_ETL"."STG_AGCY_LBR_TSFM"                    0 KB       0 rows
. . imported "IA_ETL"."STG_AUDT_PNCH_EVNT"                   0 KB       0 rows
. . imported "IA_ETL"."STG_AUDT_PNCH_EVNT_AGG"               0 KB       0 rows
. . imported "IA_ETL"."STG_AUDT_SHIFT_EDITS"                 0 KB       0 rows
. . imported "IA_ETL"."STG_AUDT_SHIFT_EDITS_AGG"             0 KB       0 rows
. . imported "IA_ETL"."STG_AUDT_TMISC_EVNT_AGG"              0 KB       0 rows
. . imported "IA_ETL"."STG_AUDT_TSITEM_EVNT"                 0 KB       0 rows
. . imported "IA_ETL"."STG_AUDT_TSITEM_EVNT_AGG"             0 KB       0 rows
. . imported "IA_ETL"."STG_AUTH_PSTN"                        0 KB       0 rows
. . imported "IA_ETL"."STG_DAYSHFTASSGNMNT"                  0 KB       0 rows
. . imported "IA_ETL"."STG_DAYSHFTASSGNMNT_0_0"              0 KB       0 rows
. . imported "IA_ETL"."STG_DAYSHFTASSGNMNT_SGMNT"            0 KB       0 rows
. . imported "IA_ETL"."STG_DAYSHFTSGMNT"                     0 KB       0 rows
. . imported "IA_ETL"."STG_DAYSHFTSGMNT_0_0"                 0 KB       0 rows
. . imported "IA_ETL"."STG_DAYSHIFTCODE"                     0 KB       0 rows
. . imported "IA_ETL"."STG_DAYSHIFTCODE_0_0"                 0 KB       0 rows
. . imported "IA_ETL"."STG_EMP_ACT"                          0 KB       0 rows
. . imported "IA_ETL"."STG_EMP_AUDT_SMRY"                    0 KB       0 rows
. . imported "IA_ETL"."STG_EMP_SCHD"                         0 KB       0 rows
. . imported "IA_ETL"."STG_EMP_SCHD_GEN"                     0 KB       0 rows
. . imported "IA_ETL"."STG_EMP_SCHD_POST"                    0 KB       0 rows
. . imported "IA_ETL"."STG_EXP_FTE"                          0 KB       0 rows
. . imported "IA_ETL"."STG_EXP_FTE_WRK_GRP"                  0 KB       0 rows
. . imported "IA_ETL"."STG_EXP_FTE_WRK_GRP_LBRTYP"           0 KB       0 rows
. . imported "IA_ETL"."STG_FCT_TDTL_AGG"                     0 KB       0 rows
. . imported "IA_ETL"."STG_FCT_TDTL_AGG_VLDT"                0 KB       0 rows
. . imported "IA_ETL"."STG_FCT_TDTL_DEL"                     0 KB       0 rows
. . imported "IA_ETL"."STG_FCT_TDTL_SUPPL_LBR"               0 KB       0 rows
. . imported "IA_ETL"."STG_FCT_TDTL_VLDT"                    0 KB       0 rows
. . imported "IA_ETL"."STG_FCT_TSMRY"                        0 KB       0 rows
. . imported "IA_ETL"."STG_FSCL_BUD_RATES"                   0 KB       0 rows
. . imported "IA_ETL"."STG_FSCL_EMPLMT_PLAN"                 0 KB       0 rows
. . imported "IA_ETL"."STG_FSCL_LBR_TYP_SPRD"                0 KB       0 rows
. . imported "IA_ETL"."STG_FSCL_WRK_GRP_SPRD"                0 KB       0 rows
. . imported "IA_ETL"."STG_FSCL_YR_BUD"                      0 KB       0 rows
. . imported "IA_ETL"."STG_FXD_HR_TGT"                       0 KB       0 rows
. . imported "IA_ETL"."STG_FXD_TGT_DLY"                      0 KB       0 rows
. . imported "IA_ETL"."STG_FXD_TGT_DLY_LBR"                  0 KB       0 rows
. . imported "IA_ETL"."STG_FXD_TGT_LD_DAT"                   0 KB       0 rows
. . imported "IA_ETL"."STG_FXD_TGT_PAYPER"                   0 KB       0 rows
. . imported "IA_ETL"."STG_HC_VOL_LBR"                       0 KB       0 rows
. . imported "IA_ETL"."STG_HC_VOL_LBR_FXD_TGT"               0 KB       0 rows
. . imported "IA_ETL"."STG_HC_VOL_LBR_VOL"                   0 KB       0 rows
. . imported "IA_ETL"."STG_JOBCD"                            0 KB       0 rows
. . imported "IA_ETL"."STG_LABORFORECAST"                    0 KB       0 rows
. . imported "IA_ETL"."STG_LABORFORECAST_0_0"                0 KB       0 rows
. . imported "IA_ETL"."STG_LAGRP_LA_MATRIX"                  0 KB       0 rows
. . imported "IA_ETL"."STG_LA_AUDT_SMRY"                     0 KB       0 rows
. . imported "IA_ETL"."STG_MARKPOSTEDSCHD"                   0 KB       0 rows
. . imported "IA_ETL"."STG_MARK_POSTED_SCHD"                 0 KB       0 rows
. . imported "IA_ETL"."STG_NRTLABORFORECASTDEL"              0 KB       0 rows
. . imported "IA_ETL"."STG_NRTORGCHG"                        0 KB       0 rows
. . imported "IA_ETL"."STG_NRTPERSONCHG"                     0 KB       0 rows
. . imported "IA_ETL"."STG_NRTSHIFTASSIGNMNTDEL"             0 KB       0 rows
. . imported "IA_ETL"."STG_NRTTIMESHEETDEL_ACT_SE"           0 KB       0 rows
. . imported "IA_ETL"."STG_NRTTIMESHEETDEL_ACT_SE_0_0"       0 KB       0 rows
. . imported "IA_ETL"."STG_NRTWATEMPTRANSDEL"                0 KB       0 rows
. . imported "IA_ETL"."STG_NRTWATEMPTRANSDEL_0_0"            0 KB       0 rows
. . imported "IA_ETL"."STG_ORG_AUDT_SMRY"                    0 KB       0 rows
. . imported "IA_ETL"."STG_PAYCD_FLW"                        0 KB       0 rows
. . imported "IA_ETL"."STG_PAYROLL_EMPLMT_STAT"              0 KB       0 rows
. . imported "IA_ETL"."STG_PAYROLL_EMPLMT_STAT_CAT"          0 KB       0 rows
. . imported "IA_ETL"."STG_PAYROLL_EXCP"                     0 KB       0 rows
. . imported "IA_ETL"."STG_PAYROLL_IMP"                      0 KB       0 rows
. . imported "IA_ETL"."STG_PAYROLL_PAYPER"                   0 KB       0 rows
. . imported "IA_ETL"."STG_PAYROLL_STD_HRS"                  0 KB       0 rows
. . imported "IA_ETL"."STG_PAYROLL_STD_HRS_SPLT_IMP"         0 KB       0 rows
. . imported "IA_ETL"."STG_PAYROLL_TSFM"                     0 KB       0 rows
. . imported "IA_ETL"."STG_PLAN_FTE_WRKGP_EMPLMT_STAT"       0 KB       0 rows
. . imported "IA_ETL"."STG_PLAN_REG_FTE"                     0 KB       0 rows
. . imported "IA_ETL"."STG_PLAN_SUPL_FTE_WRKGP_LBRTYP"       0 KB       0 rows
. . imported "IA_ETL"."STG_PLAN_SUPPL_FTE"                   0 KB       0 rows
. . imported "IA_ETL"."STG_PLAN_SUPPL_FTE_WRKGP"             0 KB       0 rows
. . imported "IA_ETL"."STG_PNCHEVNTTRC_WA"                   0 KB       0 rows
. . imported "IA_ETL"."STG_PNCHEVNT_WA"                      0 KB       0 rows
. . imported "IA_ETL"."STG_PRSNUSERSTATUS"                   0 KB       0 rows
. . imported "IA_ETL"."STG_PUNCHEVENTTRC"                    0 KB       0 rows
. . imported "IA_ETL"."STG_SEC_NRTLLELABACCTSTMMDEL"         0 KB       0 rows
. . imported "IA_ETL"."STG_SEC_NRTLLEWILDCARDMMDEL"          0 KB       0 rows
. . imported "IA_ETL"."STG_SEC_USER_ACCESS"                  0 KB       0 rows
. . imported "IA_ETL"."STG_SEC_USER_WRK_UNT_MAP_XJOIN"       0 KB       0 rows
. . imported "IA_ETL"."STG_SEC_WRK_UNIT_ACCESS"              0 KB       0 rows
. . imported "IA_ETL"."STG_SEC_WRK_UNIT_MAP_SKEYS"           0 KB       0 rows
. . imported "IA_ETL"."STG_SHFT_SGMNT"                       0 KB       0 rows
. . imported "IA_ETL"."STG_SHFT_SGMNT_0_0"                   0 KB       0 rows
. . imported "IA_ETL"."STG_SHFT_SGMNT_GEN"                   0 KB       0 rows
. . imported "IA_ETL"."STG_SHFT_SGMNT_GEN_0_0"               0 KB       0 rows
. . imported "IA_ETL"."STG_SHIFT"                            0 KB       0 rows
. . imported "IA_ETL"."STG_SHIFTASSIGNMENTTRC"               0 KB       0 rows
. . imported "IA_ETL"."STG_SHIFTASSIGNMENTTRC_WA"            0 KB       0 rows
. . imported "IA_ETL"."STG_SHIFTASSIGNMNT"                   0 KB       0 rows
. . imported "IA_ETL"."STG_SHIFTASSIGNMNT_0_0"               0 KB       0 rows
. . imported "IA_ETL"."STG_SHIFTASSIGNMNT_GEN"               0 KB       0 rows
. . imported "IA_ETL"."STG_SHIFTCODE"                        0 KB       0 rows
. . imported "IA_ETL"."STG_SUPPL_LBR"                        0 KB       0 rows
. . imported "IA_ETL"."STG_TDTL_EXCP"                        0 KB       0 rows
. . imported "IA_ETL"."STG_TMISC_WA"                         0 KB       0 rows
. . imported "IA_ETL"."STG_TOT_PLAN_FTE"                     0 KB       0 rows
. . imported "IA_ETL"."STG_TSITEM_WA"                        0 KB       0 rows
. . imported "IA_ETL"."STG_VOL"                              0 KB       0 rows
. . imported "IA_ETL"."STG_VOL_DEPT_CPY"                     0 KB       0 rows
. . imported "IA_ETL"."STG_VOL_DEPT_SPLIT"                   0 KB       0 rows
. . imported "IA_ETL"."STG_VOL_DEPT_SRC_LST"                 0 KB       0 rows
. . imported "IA_ETL"."STG_VOL_DEPT_TGT_LST"                 0 KB       0 rows
. . imported "IA_ETL"."STG_VOL_EXCP"                         0 KB       0 rows
. . imported "IA_ETL"."STG_VOL_IMP"                          0 KB       0 rows
. . imported "IA_ETL"."STG_VOL_MAN"                          0 KB       0 rows
. . imported "IA_ETL"."STG_VOL_MAN_IMP"                      0 KB       0 rows
. . imported "IA_ETL"."STG_VOL_TO_VOL_MAP"                   0 KB       0 rows
. . imported "IA_ETL"."STG_VOL_TSFM"                         0 KB       0 rows
. . imported "IA_ETL"."STG_VOL_WRK_UNITS"                    0 KB       0 rows
. . imported "IA_ETL"."STG_VRBL_HR_TGT"                      0 KB       0 rows
. . imported "IA_ETL"."STG_WATACTIONTRAN"                    0 KB       0 rows
. . imported "IA_ETL"."STG_WATACTIONTRAN_0_0"                0 KB       0 rows
. . imported "IA_ETL"."STG_WATCEVENT"                        0 KB       0 rows
. . imported "IA_ETL"."STG_WATCEVENT_0_0"                    0 KB       0 rows
. . imported "IA_ETL"."STG_WATDISCIPLTRAN"                   0 KB       0 rows
. . imported "IA_ETL"."STG_WATDISCIPLTRAN_0_0"               0 KB       0 rows
. . imported "IA_ETL"."STG_WATEVENT"                         0 KB       0 rows
. . imported "IA_ETL"."STG_WATEVENT_0_0"                     0 KB       0 rows
. . imported "IA_ETL"."STG_WATLTEVENTTRAN"                   0 KB       0 rows
. . imported "IA_ETL"."STG_WATLTEVENTTRAN_0_0"               0 KB       0 rows
. . imported "IA_ETL"."STG_WATPATRAN"                        0 KB       0 rows
. . imported "IA_ETL"."STG_WATPATRAN_0_0"                    0 KB       0 rows
. . imported "IA_ETL"."STG_WATPOINTTRAN"                     0 KB       0 rows
. . imported "IA_ETL"."STG_WATPOINTTRAN_0_0"                 0 KB       0 rows
. . imported "IA_ETL"."STG_WATPTRNTRAN"                      0 KB       0 rows
. . imported "IA_ETL"."STG_WATPTRNTRAN_0_0"                  0 KB       0 rows
. . imported "IA_ETL"."STG_WATTRANSACTION"                   0 KB       0 rows
. . imported "IA_ETL"."STG_WATTRANSACTION_0_0"               0 KB       0 rows
. . imported "IA_ETL"."STG_WFAACTYPROCTYPE"                  0 KB       0 rows
. . imported "IA_ETL"."STG_WFAALLOCTYP"                      0 KB       0 rows
. . imported "IA_ETL"."STG_WFACOMPLSTATTYPE"                 0 KB       0 rows
. . imported "IA_ETL"."STG_WFAHELDSTATUSTYPE"                0 KB       0 rows
. . imported "IA_ETL"."STG_WFAPRIORITYTYPE"                  0 KB       0 rows
. . imported "IA_ETL"."STG_WFAREPTOTAL"                      0 KB       0 rows
. . imported "IA_ETL"."STG_WFATRANSTYPE"                     0 KB       0 rows
. . imported "IA_ETL"."STG_WFAUNIT"                          0 KB       0 rows
. . imported "IA_ETL"."STG_WRK_GRP"                          0 KB       0 rows
. . imported "IA_ETL"."STG_WRK_UNIT"                         0 KB       0 rows
. . imported "IA_ETL"."STG_WRK_UNIT_HIST_UPDT"               0 KB       0 rows
. . imported "IA_ETL"."STG_WRK_UNIT_HIST_UPDT_PP"            0 KB       0 rows
. . imported "IA_ETL"."STG_WRK_UNIT_LLG_ORG"                 0 KB       0 rows
. . imported "IA_ETL"."STG_WRK_UNIT_PG"                      0 KB       0 rows
. . imported "IA_ETL"."STG_WRK_UNIT_VG"                      0 KB       0 rows
. . imported "IA_ETL"."STG_WU_VOL_LBR_DAT"                   0 KB       0 rows
. . imported "IA_ETL"."TMP_ADHOC_SQL"                        0 KB       0 rows
. . imported "IA_ETL"."TMP_AUDT_LA_SUPV_CLSTR_TS"            0 KB       0 rows
. . imported "IA_ETL"."TMP_AUDT_LA_SUPV_SCHD"                0 KB       0 rows
. . imported "IA_ETL"."TMP_COMBHOMEACCT_NEWORG_0_0"          0 KB       0 rows
. . imported "IA_ETL"."TMP_DEL_INS_WRK_COMBHOMEACCT"         0 KB       0 rows
. . imported "IA_ETL"."TMP_EMPORGTOTALSHIFTS_01"             0 KB       0 rows
. . imported "IA_ETL"."TMP_EMP_SCHD_EDITS"                   0 KB       0 rows
. . imported "IA_ETL"."TMP_EMP_SCHD_POST_ORG"                0 KB       0 rows
. . imported "IA_ETL"."TMP_EMP_SCHD_POST_ORG_0_0"            0 KB       0 rows
. . imported "IA_ETL"."TMP_FCT_15MINS_EMP_GEN"               0 KB       0 rows
. . imported "IA_ETL"."TMP_FCT_15MINS_EMP_POST"              0 KB       0 rows
. . imported "IA_ETL"."TMP_FCT_15MINS_EMP_SCHD"              0 KB       0 rows
. . imported "IA_ETL"."TMP_FCT_INCIDENT_DTL"                 0 KB       0 rows
. . imported "IA_ETL"."TMP_FCT_INCIDENT_DTL_0_0"             0 KB       0 rows
. . imported "IA_ETL"."TMP_FCT_INCIDENT_DTL_DEL"             0 KB       0 rows
. . imported "IA_ETL"."TMP_FCT_INCIDENT_DTL_DEL_0_0"         0 KB       0 rows
. . imported "IA_ETL"."TMP_FCT_INCIDENT_DTL_UPD"             0 KB       0 rows
. . imported "IA_ETL"."TMP_FCT_INCIDENT_EMP_DTL"             0 KB       0 rows
. . imported "IA_ETL"."TMP_FCT_TDTL_AGG_WRK"                 0 KB       0 rows
. . imported "IA_ETL"."TMP_FC_TDTL_FXD_TGT_DLY_LBR"          0 KB       0 rows
. . imported "IA_ETL"."TMP_LA_AUDT_HDCNT"                    0 KB       0 rows
. . imported "IA_ETL"."TMP_ORGSTOPR_ALLORGS"                 0 KB       0 rows
. . imported "IA_ETL"."TMP_ORGSTOPR_SCHD_EDITS_ROLLUP"       0 KB       0 rows
. . imported "IA_ETL"."TMP_ORGSTOPR_TCROLLUP"                0 KB       0 rows
. . imported "IA_ETL"."TMP_ORGTOTALSHIFTS_01"                0 KB       0 rows
. . imported "IA_ETL"."TMP_ORGTOTALSHIFTS_01_0_0"            0 KB       0 rows
. . imported "IA_ETL"."TMP_ORG_AUDT_HDCNT"                   0 KB       0 rows
. . imported "IA_ETL"."TMP_ORG_CRNCY"                        0 KB       0 rows
. . imported "IA_ETL"."TMP_ORG_OPEN_SHIFTS"                  0 KB       0 rows
. . imported "IA_ETL"."TMP_ORG_OPEN_SHIFTS_GEN"              0 KB       0 rows
. . imported "IA_ETL"."TMP_ORG_TOTAL_SHIFTS"                 0 KB       0 rows
. . imported "IA_ETL"."TMP_ORG_TOTAL_SHIFTS_0_0"             0 KB       0 rows
. . imported "IA_ETL"."TMP_VOL_DEPT_CPY"                     0 KB       0 rows
. . imported "IA_ETL"."TMP_VOL_DEPT_SPLT"                    0 KB       0 rows
. . imported "IA_ETL"."TMP_VOL_TO_VOL_MAP"                   0 KB       0 rows
. . imported "IA_ETL"."TMP_WAT_ALLINCIDENT_DTL"              0 KB       0 rows
. . imported "IA_ETL"."TMP_WAT_ALLINCIDENT_DTL_0_0"          0 KB       0 rows
. . imported "IA_ETL"."TMP_WRKUNIT_VOLLBL_MAP"               0 KB       0 rows
. . imported "IA_ETL"."TMP_WRK_CMBHMACT_WAT_1"               0 KB       0 rows
. . imported "IA_ETL"."TMP_WRK_CMBHMACT_WAT_1_0_0"           0 KB       0 rows
. . imported "IA_ETL"."TMP_WRK_CMBHMACT_WAT_2"               0 KB       0 rows
. . imported "IA_ETL"."TMP_WRK_CMBHMACT_WAT_3"               0 KB       0 rows
. . imported "IA_ETL"."TMP_WRK_CMBHMACT_WAT_4"               0 KB       0 rows
. . imported "IA_ETL"."TMP_WRK_VOL_DEPT_SPLT"                0 KB       0 rows
. . imported "IA_ETL"."WFAN0101STG_AGCY_DEF"                 0 KB       0 rows
. . imported "IA_ETL"."WFAN0101STG_BLNG_COD"                 0 KB       0 rows
. . imported "IA_ETL"."WFAN0101STG_CHRG_MSTR"                0 KB       0 rows
. . imported "IA_ETL"."WFAN0101STG_LBR_TYP_LBRACCT"          0 KB       0 rows
. . imported "IA_ETL"."WFAN0101STG_PAYROLL_PAYCD"            0 KB       0 rows
. . imported "IA_ETL"."WFAN0101STG_VRBL_TGT"                 0 KB       0 rows
. . imported "IA_ETL"."WFAN0101STG_VRBL_TGT_DLY"             0 KB       0 rows
. . imported "IA_ETL"."WFAN0101STG_VRBL_TGT_PAYPER"          0 KB       0 rows
. . imported "IA_ETL"."WFAN0101STG_WFAACTIVITY"              0 KB       0 rows
. . imported "IA_ETL"."WFAN0101STG_WFAACTYHDR"               0 KB       0 rows
. . imported "IA_ETL"."WFAN0101STG_WFAACTYSTD"               0 KB       0 rows
. . imported "IA_ETL"."WFAN0101STG_WFACUSTOMER"              0 KB       0 rows
. . imported "IA_ETL"."WFAN0101STG_WFAPUNCH"                 0 KB       0 rows
. . imported "IA_ETL"."WFAN0101STG_WFAREPACTYRES"            0 KB       0 rows
. . imported "IA_ETL"."WFAN0101STG_WFAREPACTYSPAN"           0 KB       0 rows
. . imported "IA_ETL"."WFAN0101STG_WFATRANS"                 0 KB       0 rows
. . imported "IA_ETL"."WFAN0101STG_WFAUNITSPAN"              0 KB       0 rows
. . imported "IA_ETL"."WFAN0101STG_WFAUNITSPANRESULT"        0 KB       0 rows
. . imported "IA_ETL"."WFAN0101STG_WFAUOMEASURE"             0 KB       0 rows
. . imported "IA_ETL"."WFAN0101WRK_FIXED_TGT_DLY"            0 KB       0 rows
. . imported "IA_ETL"."WFAN0101WRK_FIXED_TGT_PAYPER"         0 KB       0 rows
. . imported "IA_ETL"."WFAN0101WRK_LBR_TYP"                  0 KB       0 rows
. . imported "IA_ETL"."WFAN0101WRK_LBR_TYP_LLE"              0 KB       0 rows
. . imported "IA_ETL"."WFAN0101WRK_LBR_TYP_ORG"              0 KB       0 rows
. . imported "IA_ETL"."WFAN0101WRK_LBR_TYP_PAYRULE"          0 KB       0 rows
. . imported "IA_ETL"."WFAN0101WRK_VOL_LBL"                  0 KB       0 rows
. . imported "IA_ETL"."WFAN0101WRK_VRBL_TGT"                 0 KB       0 rows
. . imported "IA_ETL"."WFAN0101WRK_VRBL_TGT_DLY"             0 KB       0 rows
. . imported "IA_ETL"."WFAN0101WRK_VRBL_TGT_PAYPER"          0 KB       0 rows
. . imported "IA_ETL"."WFAN0101WRK_WRKUNIT_VOLLBL_MAP"       0 KB       0 rows
. . imported "IA_ETL"."WFAN0101WRK_WRK_UNIT_LLG_ORG"         0 KB       0 rows
. . imported "IA_ETL"."WFAN0101WRK_WRK_UNIT_PG"              0 KB       0 rows
. . imported "IA_ETL"."WFAN0101WRK_WRK_UNIT_VG"              0 KB       0 rows
. . imported "IA_ETL"."WRK_AGCY_DEF"                         0 KB       0 rows
. . imported "IA_ETL"."WRK_AGCY_LBR_IMP"                     0 KB       0 rows
. . imported "IA_ETL"."WRK_AUTH_PSTN"                        0 KB       0 rows
. . imported "IA_ETL"."WRK_CHRG_MSTR"                        0 KB       0 rows
. . imported "IA_ETL"."WRK_EMP_JOB"                          0 KB       0 rows
. . imported "IA_ETL"."WRK_FIXED_HR_TGT"                     0 KB       0 rows
. . imported "IA_ETL"."WRK_FSCL_BUD_RATES"                   0 KB       0 rows
. . imported "IA_ETL"."WRK_FSCL_EMPLMT_PLAN"                 0 KB       0 rows
. . imported "IA_ETL"."WRK_FSCL_LBR_TYP_SPRD"                0 KB       0 rows
. . imported "IA_ETL"."WRK_FSCL_WRK_GRP_SPRD"                0 KB       0 rows
. . imported "IA_ETL"."WRK_FSCL_YR_BUD"                      0 KB       0 rows
. . imported "IA_ETL"."WRK_MARKPOSTEDSCHD"                   0 KB       0 rows
. . imported "IA_ETL"."WRK_MARK_POSTED_SCHD"                 0 KB       0 rows
. . imported "IA_ETL"."WRK_PAYROLL_IMP"                      0 KB       0 rows
. . imported "IA_ETL"."WRK_PAYROLL_STD_HRS_SPLT"             0 KB       0 rows
. . imported "IA_ETL"."WRK_PNCHEVNTTRC"                      0 KB       0 rows
. . imported "IA_ETL"."WRK_PRSNSTTUSMM"                      0 KB       0 rows
. . imported "IA_ETL"."WRK_SEC_USER_XFER_SWT"                0 KB       0 rows
. . imported "IA_ETL"."WRK_SHIFTASSIGNMENTTRC"               0 KB       0 rows
. . imported "IA_ETL"."WRK_VOL_DEPT_CPY"                     0 KB       0 rows
. . imported "IA_ETL"."WRK_VOL_DEPT_SPLT"                    0 KB       0 rows
. . imported "IA_ETL"."WRK_VOL_IMP"                          0 KB       0 rows
. . imported "IA_ETL"."WRK_VOL_MAN_IMP"                      0 KB       0 rows
. . imported "IA_ETL"."WRK_VRBL_HR_TGT"                      0 KB       0 rows
. . imported "IA_ETL"."WRK_WRK_UNIT_DATE"                    0 KB       0 rows
. . imported "IA_ETL"."WRK_WRK_UNIT_HIST_UPDT_LOG"           0 KB       0 rows
. . imported "IA_ETL"."WRK_WRK_UNIT_PAYPER"                  0 KB       0 rows
Processing object type SCHEMA_EXPORT/TABLE/GRANT/OWNER_GRANT/OBJECT_GRANT
Processing object type SCHEMA_EXPORT/TABLE/COMMENT
Processing object type SCHEMA_EXPORT/PACKAGE/PACKAGE_SPEC
Processing object type SCHEMA_EXPORT/PACKAGE/GRANT/OWNER_GRANT/OBJECT_GRANT
Processing object type SCHEMA_EXPORT/FUNCTION/FUNCTION
Processing object type SCHEMA_EXPORT/FUNCTION/GRANT/OWNER_GRANT/OBJECT_GRANT
Processing object type SCHEMA_EXPORT/PROCEDURE/PROCEDURE
Processing object type SCHEMA_EXPORT/PROCEDURE/GRANT/OWNER_GRANT/OBJECT_GRANT
Processing object type SCHEMA_EXPORT/PACKAGE/COMPILE_PACKAGE/PACKAGE_SPEC/ALTER_PACKAGE_SPEC
Processing object type SCHEMA_EXPORT/FUNCTION/ALTER_FUNCTION
Processing object type SCHEMA_EXPORT/PROCEDURE/ALTER_PROCEDURE
Processing object type SCHEMA_EXPORT/VIEW/VIEW
Processing object type SCHEMA_EXPORT/VIEW/GRANT/OWNER_GRANT/OBJECT_GRANT
Processing object type SCHEMA_EXPORT/TABLE/INDEX/INDEX
Processing object type SCHEMA_EXPORT/TABLE/INDEX/FUNCTIONAL_INDEX/INDEX
Processing object type SCHEMA_EXPORT/TABLE/CONSTRAINT/CONSTRAINT
Processing object type SCHEMA_EXPORT/TABLE/INDEX/STATISTICS/INDEX_STATISTICS
Processing object type SCHEMA_EXPORT/TABLE/INDEX/STATISTICS/FUNCTIONAL_INDEX/INDEX_STATISTICS
Processing object type SCHEMA_EXPORT/TABLE/CONSTRAINT/REF_CONSTRAINT
Processing object type SCHEMA_EXPORT/TABLE/TRIGGER
Processing object type SCHEMA_EXPORT/TABLE/STATISTICS/TABLE_STATISTICS
Processing object type SCHEMA_EXPORT/STATISTICS/MARKER
Processing object type SCHEMA_EXPORT/MATERIALIZED_VIEW
Job "SYSTEM"."SYS_IMPORT_SCHEMA_02" completed with 3 error(s) at Thu Feb 14 15:18:59 2019 elapsed 0 00:53:56
